<?xml version="1.0" encoding="UTF-8"?>
<testng-results skipped="0" failed="0" ignored="0" total="0" passed="0">
  <reporter-output>
  </reporter-output>
  <suite name="Suite" duration-ms="232" started-at="2023-11-29T09:07:34 IST" finished-at="2023-11-29T09:07:34 IST">
    <groups>
      <group name="cucumber">
        <method signature="AbstractTestNGCucumberTests.runScenario(io.cucumber.testng.PickleWrapper,io.cucumber.testng.FeatureWrapper)[pri:0, instance:org.testRunners.TestRunnerTestNG@6a472554]" name="runScenario" class="io.cucumber.testng.AbstractTestNGCucumberTests"/>
      </group> <!-- cucumber -->
    </groups>
    <test name="Test" duration-ms="232" started-at="2023-11-29T09:07:34 IST" finished-at="2023-11-29T09:07:34 IST">
      <class name="org.testRunners.TestRunnerTestNG">
        <test-method status="PASS" signature="setUpClass(org.testng.ITestContext)[pri:0, instance:org.testRunners.TestRunnerTestNG@6a472554]" name="setUpClass" is-config="true" duration-ms="199" started-at="2023-11-29T09:07:34 IST" finished-at="2023-11-29T09:07:34 IST">
          <params>
            <param index="0">
              <value>
                <![CDATA[org.testng.TestRunner@5b94b04d]]>
              </value>
            </param>
          </params>
          <reporter-output>
          </reporter-output>
        </test-method> <!-- setUpClass -->
        <test-method status="PASS" signature="tearDownClass()[pri:0, instance:org.testRunners.TestRunnerTestNG@6a472554]" name="tearDownClass" is-config="true" duration-ms="2" started-at="2023-11-29T09:07:34 IST" finished-at="2023-11-29T09:07:34 IST">
          <reporter-output>
          </reporter-output>
        </test-method> <!-- tearDownClass -->
      </class> <!-- org.testRunners.TestRunnerTestNG -->
    </test> <!-- Test -->
  </suite> <!-- Suite -->
</testng-results>
